0    DEBUG [2019-04-18 15:36:45]  Couldn't find template in cache for "index.html.ftl"("zh_CN", UTF-8, parsed); will try to load it.
3    DEBUG [2019-04-18 15:36:45]  TemplateLoader.findTemplateSource("index.html_zh_CN.ftl"): Not found
4    DEBUG [2019-04-18 15:36:45]  TemplateLoader.findTemplateSource("index.html_zh.ftl"): Not found
4    DEBUG [2019-04-18 15:36:45]  TemplateLoader.findTemplateSource("index.html.ftl"): Not found
309151 DEBUG [2019-04-18 15:41:54]  TemplateLoader.findTemplateSource("index.html_zh_CN.ftl"): Not found
309152 DEBUG [2019-04-18 15:41:54]  TemplateLoader.findTemplateSource("index.html_zh.ftl"): Not found
309153 DEBUG [2019-04-18 15:41:54]  TemplateLoader.findTemplateSource("index.html.ftl"): Not found
309153 DEBUG [2019-04-18 15:41:54]  "index.html.ftl"("zh_CN", UTF-8, parsed) no source found.
0    DEBUG [2019-04-18 15:42:42]  Couldn't find template in cache for "index.html.ftl"("zh_CN", UTF-8, parsed); will try to load it.
4    DEBUG [2019-04-18 15:42:42]  TemplateLoader.findTemplateSource("index.html_zh_CN.ftl"): Not found
5    DEBUG [2019-04-18 15:42:42]  TemplateLoader.findTemplateSource("index.html_zh.ftl"): Not found
5    DEBUG [2019-04-18 15:42:42]  TemplateLoader.findTemplateSource("index.html.ftl"): Not found
0    DEBUG [2019-04-18 15:46:48]  Couldn't find template in cache for "index.html.ftl"("zh_CN", UTF-8, parsed); will try to load it.
5    DEBUG [2019-04-18 15:46:48]  TemplateLoader.findTemplateSource("index.html_zh_CN.ftl"): Not found
6    DEBUG [2019-04-18 15:46:48]  TemplateLoader.findTemplateSource("index.html_zh.ftl"): Not found
6    DEBUG [2019-04-18 15:46:48]  TemplateLoader.findTemplateSource("index.html.ftl"): Not found
0    DEBUG [2019-04-18 18:40:23]  Couldn't find template in cache for "java\\${bussiPackage}\\${entityPackage}\\controller\\${entityName}Controller.javai"("zh_CN", UTF-8, parsed); will try to load it.
1    DEBUG [2019-04-18 18:40:23]  TemplateLoader.findTemplateSource("java\\${bussiPackage}\\${entityPackage}\\controller\\${entityName}Controller_zh_CN.javai"): Not found
2    DEBUG [2019-04-18 18:40:23]  TemplateLoader.findTemplateSource("java\\${bussiPackage}\\${entityPackage}\\controller\\${entityName}Controller_zh.javai"): Not found
3    DEBUG [2019-04-18 18:40:23]  TemplateLoader.findTemplateSource("java\\${bussiPackage}\\${entityPackage}\\controller\\${entityName}Controller.javai"): Found
4    DEBUG [2019-04-18 18:40:23]  Loading template for "java\\${bussiPackage}\\${entityPackage}\\controller\\${entityName}Controller.javai"("zh_CN", UTF-8, parsed) from "E:\\SvnProjects\\product\\benben-boot\\target\\classes\\jeecg\\code-template\\one\\java\\${bussiPackage}\\${entityPackage}\\controller\\${entityName}Controller.javai"
86   DEBUG [2019-04-18 18:40:23]  Couldn't find template in cache for "java\\${bussiPackage}\\${entityPackage}\\entity\\${entityName}.javai"("zh_CN", UTF-8, parsed); will try to load it.
86   DEBUG [2019-04-18 18:40:23]  TemplateLoader.findTemplateSource("java\\${bussiPackage}\\${entityPackage}\\entity\\${entityName}_zh_CN.javai"): Not found
86   DEBUG [2019-04-18 18:40:23]  TemplateLoader.findTemplateSource("java\\${bussiPackage}\\${entityPackage}\\entity\\${entityName}_zh.javai"): Not found
87   DEBUG [2019-04-18 18:40:23]  TemplateLoader.findTemplateSource("java\\${bussiPackage}\\${entityPackage}\\entity\\${entityName}.javai"): Found
87   DEBUG [2019-04-18 18:40:23]  Loading template for "java\\${bussiPackage}\\${entityPackage}\\entity\\${entityName}.javai"("zh_CN", UTF-8, parsed) from "E:\\SvnProjects\\product\\benben-boot\\target\\classes\\jeecg\\code-template\\one\\java\\${bussiPackage}\\${entityPackage}\\entity\\${entityName}.javai"
127  DEBUG [2019-04-18 18:40:23]  Couldn't find template in cache for "java\\${bussiPackage}\\${entityPackage}\\mapper\\${entityName}Mapper.javai"("zh_CN", UTF-8, parsed); will try to load it.
127  DEBUG [2019-04-18 18:40:23]  TemplateLoader.findTemplateSource("java\\${bussiPackage}\\${entityPackage}\\mapper\\${entityName}Mapper_zh_CN.javai"): Not found
128  DEBUG [2019-04-18 18:40:23]  TemplateLoader.findTemplateSource("java\\${bussiPackage}\\${entityPackage}\\mapper\\${entityName}Mapper_zh.javai"): Not found
129  DEBUG [2019-04-18 18:40:23]  TemplateLoader.findTemplateSource("java\\${bussiPackage}\\${entityPackage}\\mapper\\${entityName}Mapper.javai"): Found
129  DEBUG [2019-04-18 18:40:23]  Loading template for "java\\${bussiPackage}\\${entityPackage}\\mapper\\${entityName}Mapper.javai"("zh_CN", UTF-8, parsed) from "E:\\SvnProjects\\product\\benben-boot\\target\\classes\\jeecg\\code-template\\one\\java\\${bussiPackage}\\${entityPackage}\\mapper\\${entityName}Mapper.javai"
136  DEBUG [2019-04-18 18:40:23]  Couldn't find template in cache for "java\\${bussiPackage}\\${entityPackage}\\mapper\\xml\\${entityName}Mapper.xml"("zh_CN", UTF-8, parsed); will try to load it.
136  DEBUG [2019-04-18 18:40:23]  TemplateLoader.findTemplateSource("java\\${bussiPackage}\\${entityPackage}\\mapper\\xml\\${entityName}Mapper_zh_CN.xml"): Not found
136  DEBUG [2019-04-18 18:40:23]  TemplateLoader.findTemplateSource("java\\${bussiPackage}\\${entityPackage}\\mapper\\xml\\${entityName}Mapper_zh.xml"): Not found
137  DEBUG [2019-04-18 18:40:23]  TemplateLoader.findTemplateSource("java\\${bussiPackage}\\${entityPackage}\\mapper\\xml\\${entityName}Mapper.xml"): Found
138  DEBUG [2019-04-18 18:40:23]  Loading template for "java\\${bussiPackage}\\${entityPackage}\\mapper\\xml\\${entityName}Mapper.xml"("zh_CN", UTF-8, parsed) from "E:\\SvnProjects\\product\\benben-boot\\target\\classes\\jeecg\\code-template\\one\\java\\${bussiPackage}\\${entityPackage}\\mapper\\xml\\${entityName}Mapper.xml"
144  DEBUG [2019-04-18 18:40:23]  Couldn't find template in cache for "java\\${bussiPackage}\\${entityPackage}\\service\\I${entityName}Service.javai"("zh_CN", UTF-8, parsed); will try to load it.
144  DEBUG [2019-04-18 18:40:23]  TemplateLoader.findTemplateSource("java\\${bussiPackage}\\${entityPackage}\\service\\I${entityName}Service_zh_CN.javai"): Not found
144  DEBUG [2019-04-18 18:40:23]  TemplateLoader.findTemplateSource("java\\${bussiPackage}\\${entityPackage}\\service\\I${entityName}Service_zh.javai"): Not found
145  DEBUG [2019-04-18 18:40:23]  TemplateLoader.findTemplateSource("java\\${bussiPackage}\\${entityPackage}\\service\\I${entityName}Service.javai"): Found
146  DEBUG [2019-04-18 18:40:23]  Loading template for "java\\${bussiPackage}\\${entityPackage}\\service\\I${entityName}Service.javai"("zh_CN", UTF-8, parsed) from "E:\\SvnProjects\\product\\benben-boot\\target\\classes\\jeecg\\code-template\\one\\java\\${bussiPackage}\\${entityPackage}\\service\\I${entityName}Service.javai"
152  DEBUG [2019-04-18 18:40:23]  Couldn't find template in cache for "java\\${bussiPackage}\\${entityPackage}\\service\\impl\\${entityName}ServiceImpl.javai"("zh_CN", UTF-8, parsed); will try to load it.
152  DEBUG [2019-04-18 18:40:23]  TemplateLoader.findTemplateSource("java\\${bussiPackage}\\${entityPackage}\\service\\impl\\${entityName}ServiceImpl_zh_CN.javai"): Not found
152  DEBUG [2019-04-18 18:40:23]  TemplateLoader.findTemplateSource("java\\${bussiPackage}\\${entityPackage}\\service\\impl\\${entityName}ServiceImpl_zh.javai"): Not found
153  DEBUG [2019-04-18 18:40:23]  TemplateLoader.findTemplateSource("java\\${bussiPackage}\\${entityPackage}\\service\\impl\\${entityName}ServiceImpl.javai"): Found
153  DEBUG [2019-04-18 18:40:23]  Loading template for "java\\${bussiPackage}\\${entityPackage}\\service\\impl\\${entityName}ServiceImpl.javai"("zh_CN", UTF-8, parsed) from "E:\\SvnProjects\\product\\benben-boot\\target\\classes\\jeecg\\code-template\\one\\java\\${bussiPackage}\\${entityPackage}\\service\\impl\\${entityName}ServiceImpl.javai"
160  DEBUG [2019-04-18 18:40:23]  Couldn't find template in cache for "java\\${bussiPackage}\\${entityPackage}\\vue\\${entityName}List.vuei"("zh_CN", UTF-8, parsed); will try to load it.
160  DEBUG [2019-04-18 18:40:23]  TemplateLoader.findTemplateSource("java\\${bussiPackage}\\${entityPackage}\\vue\\${entityName}List_zh_CN.vuei"): Not found
160  DEBUG [2019-04-18 18:40:23]  TemplateLoader.findTemplateSource("java\\${bussiPackage}\\${entityPackage}\\vue\\${entityName}List_zh.vuei"): Not found
161  DEBUG [2019-04-18 18:40:23]  TemplateLoader.findTemplateSource("java\\${bussiPackage}\\${entityPackage}\\vue\\${entityName}List.vuei"): Found
161  DEBUG [2019-04-18 18:40:23]  Loading template for "java\\${bussiPackage}\\${entityPackage}\\vue\\${entityName}List.vuei"("zh_CN", UTF-8, parsed) from "E:\\SvnProjects\\product\\benben-boot\\target\\classes\\jeecg\\code-template\\one\\java\\${bussiPackage}\\${entityPackage}\\vue\\${entityName}List.vuei"
180  DEBUG [2019-04-18 18:40:23]  Couldn't find template in cache for "java\\${bussiPackage}\\${entityPackage}\\vue\\modules\\${entityName}Modal.vuei"("zh_CN", UTF-8, parsed); will try to load it.
180  DEBUG [2019-04-18 18:40:23]  TemplateLoader.findTemplateSource("java\\${bussiPackage}\\${entityPackage}\\vue\\modules\\${entityName}Modal_zh_CN.vuei"): Not found
180  DEBUG [2019-04-18 18:40:23]  TemplateLoader.findTemplateSource("java\\${bussiPackage}\\${entityPackage}\\vue\\modules\\${entityName}Modal_zh.vuei"): Not found
181  DEBUG [2019-04-18 18:40:23]  TemplateLoader.findTemplateSource("java\\${bussiPackage}\\${entityPackage}\\vue\\modules\\${entityName}Modal.vuei"): Found
181  DEBUG [2019-04-18 18:40:23]  Loading template for "java\\${bussiPackage}\\${entityPackage}\\vue\\modules\\${entityName}Modal.vuei"("zh_CN", UTF-8, parsed) from "E:\\SvnProjects\\product\\benben-boot\\target\\classes\\jeecg\\code-template\\one\\java\\${bussiPackage}\\${entityPackage}\\vue\\modules\\${entityName}Modal.vuei"
200  DEBUG [2019-04-18 18:40:23]  Couldn't find template in cache for "java\\${bussiPackage}\\${entityPackage}\\vue\\modules\\${entityName}Modal__Style#Drawer.vuei"("zh_CN", UTF-8, parsed); will try to load it.
200  DEBUG [2019-04-18 18:40:23]  TemplateLoader.findTemplateSource("java\\${bussiPackage}\\${entityPackage}\\vue\\modules\\${entityName}Modal__Style#Drawer_zh_CN.vuei"): Not found
200  DEBUG [2019-04-18 18:40:23]  TemplateLoader.findTemplateSource("java\\${bussiPackage}\\${entityPackage}\\vue\\modules\\${entityName}Modal__Style#Drawer_zh.vuei"): Not found
200  DEBUG [2019-04-18 18:40:23]  TemplateLoader.findTemplateSource("java\\${bussiPackage}\\${entityPackage}\\vue\\modules\\${entityName}Modal__Style#Drawer.vuei"): Found
201  DEBUG [2019-04-18 18:40:23]  Loading template for "java\\${bussiPackage}\\${entityPackage}\\vue\\modules\\${entityName}Modal__Style#Drawer.vuei"("zh_CN", UTF-8, parsed) from "E:\\SvnProjects\\product\\benben-boot\\target\\classes\\jeecg\\code-template\\one\\java\\${bussiPackage}\\${entityPackage}\\vue\\modules\\${entityName}Modal__Style#Drawer.vuei"
0    DEBUG [2019-05-29 17:24:07]  Couldn't find template in cache for "error.ftl"("zh_CN", UTF-8, parsed); will try to load it.
5    DEBUG [2019-05-29 17:24:07]  TemplateLoader.findTemplateSource("error_zh_CN.ftl"): Not found
6    DEBUG [2019-05-29 17:24:07]  TemplateLoader.findTemplateSource("error_zh.ftl"): Not found
6    DEBUG [2019-05-29 17:24:07]  TemplateLoader.findTemplateSource("error.ftl"): Not found
